<?xml version="1.0" encoding="UTF-8"?>
<testng-results ignored="0" total="3" passed="3" failed="0" skipped="0">
  <reporter-output>
  </reporter-output>
  <suite started-at="2025-03-21T11:26:58 IST" name="Suite" finished-at="2025-03-21T11:27:17 IST" duration-ms="18992">
    <groups>
    </groups>
    <test started-at="2025-03-21T11:26:58 IST" name="Test" finished-at="2025-03-21T11:27:17 IST" duration-ms="18992">
      <class name="testScript.LoginTest">
        <test-method is-config="true" signature="initializebrowser(java.lang.String)[pri:0, instance:testScript.LoginTest@173ed316]" started-at="2025-03-21T11:26:58 IST" name="initializebrowser" finished-at="2025-03-21T11:27:04 IST" duration-ms="5532" status="PASS">
          <params>
            <param index="0">
              <value>
                <![CDATA[chrome]]>
              </value>
            </param>
          </params>
          <reporter-output>
          </reporter-output>
        </test-method> <!-- initializebrowser -->
        <test-method signature="verifyTheUserIsAbleToLoginUsingInvalidPassword()[pri:0, instance:testScript.LoginTest@173ed316]" started-at="2025-03-21T11:27:04 IST" name="verifyTheUserIsAbleToLoginUsingInvalidPassword" finished-at="2025-03-21T11:27:06 IST" duration-ms="2615" status="PASS">
          <reporter-output>
          </reporter-output>
        </test-method> <!-- verifyTheUserIsAbleToLoginUsingInvalidPassword -->
        <test-method is-config="true" signature="browserQuit(org.testng.ITestResult)[pri:0, instance:testScript.LoginTest@173ed316]" started-at="2025-03-21T11:27:06 IST" name="browserQuit" finished-at="2025-03-21T11:27:06 IST" duration-ms="2" status="PASS">
          <params>
            <param index="0">
              <value>
                <![CDATA[[TestResult name=verifyTheUserIsAbleToLoginUsingInvalidPassword status=SUCCESS method=LoginTest.verifyTheUserIsAbleToLoginUsingInvalidPassword()[pri:0, instance:testScript.LoginTest@173ed316] output={null}]]]>
              </value>
            </param>
          </params>
          <reporter-output>
          </reporter-output>
        </test-method> <!-- browserQuit -->
        <test-method is-config="true" signature="initializebrowser(java.lang.String)[pri:0, instance:testScript.LoginTest@173ed316]" started-at="2025-03-21T11:27:06 IST" name="initializebrowser" finished-at="2025-03-21T11:27:10 IST" duration-ms="3985" status="PASS">
          <params>
            <param index="0">
              <value>
                <![CDATA[chrome]]>
              </value>
            </param>
          </params>
          <reporter-output>
          </reporter-output>
        </test-method> <!-- initializebrowser -->
        <test-method signature="verifyTheUserIsAbleToLoginUsingInvalidUsername()[pri:0, instance:testScript.LoginTest@173ed316]" started-at="2025-03-21T11:27:10 IST" name="verifyTheUserIsAbleToLoginUsingInvalidUsername" finished-at="2025-03-21T11:27:11 IST" duration-ms="1108" status="PASS">
          <reporter-output>
          </reporter-output>
        </test-method> <!-- verifyTheUserIsAbleToLoginUsingInvalidUsername -->
        <test-method is-config="true" signature="browserQuit(org.testng.ITestResult)[pri:0, instance:testScript.LoginTest@173ed316]" started-at="2025-03-21T11:27:11 IST" name="browserQuit" finished-at="2025-03-21T11:27:11 IST" duration-ms="1" status="PASS">
          <params>
            <param index="0">
              <value>
                <![CDATA[[TestResult name=verifyTheUserIsAbleToLoginUsingInvalidUsername status=SUCCESS method=LoginTest.verifyTheUserIsAbleToLoginUsingInvalidUsername()[pri:0, instance:testScript.LoginTest@173ed316] output={null}]]]>
              </value>
            </param>
          </params>
          <reporter-output>
          </reporter-output>
        </test-method> <!-- browserQuit -->
        <test-method is-config="true" signature="initializebrowser(java.lang.String)[pri:0, instance:testScript.LoginTest@173ed316]" started-at="2025-03-21T11:27:11 IST" name="initializebrowser" finished-at="2025-03-21T11:27:16 IST" duration-ms="4228" status="PASS">
          <params>
            <param index="0">
              <value>
                <![CDATA[chrome]]>
              </value>
            </param>
          </params>
          <reporter-output>
          </reporter-output>
        </test-method> <!-- initializebrowser -->
        <test-method signature="verifyTheUserIsAbleToLoginUsingInvalidUsernameAndInvalidPassword()[pri:0, instance:testScript.LoginTest@173ed316]" started-at="2025-03-21T11:27:16 IST" name="verifyTheUserIsAbleToLoginUsingInvalidUsernameAndInvalidPassword" finished-at="2025-03-21T11:27:17 IST" duration-ms="1418" status="PASS">
          <reporter-output>
          </reporter-output>
        </test-method> <!-- verifyTheUserIsAbleToLoginUsingInvalidUsernameAndInvalidPassword -->
        <test-method is-config="true" signature="browserQuit(org.testng.ITestResult)[pri:0, instance:testScript.LoginTest@173ed316]" started-at="2025-03-21T11:27:17 IST" name="browserQuit" finished-at="2025-03-21T11:27:17 IST" duration-ms="0" status="PASS">
          <params>
            <param index="0">
              <value>
                <![CDATA[[TestResult name=verifyTheUserIsAbleToLoginUsingInvalidUsernameAndInvalidPassword status=SUCCESS method=LoginTest.verifyTheUserIsAbleToLoginUsingInvalidUsernameAndInvalidPassword()[pri:0, instance:testScript.LoginTest@173ed316] output={null}]]]>
              </value>
            </param>
          </params>
          <reporter-output>
          </reporter-output>
        </test-method> <!-- browserQuit -->
      </class> <!-- testScript.LoginTest -->
    </test> <!-- Test -->
  </suite> <!-- Suite -->
</testng-results>
