<?xml version="1.0" encoding="UTF-8"?>
<testng-results ignored="0" total="3" passed="3" failed="0" skipped="0">
  <reporter-output>
  </reporter-output>
  <suite started-at="2025-03-21T10:45:32 IST" name="Suite" finished-at="2025-03-21T10:45:53 IST" duration-ms="21015">
    <groups>
    </groups>
    <test started-at="2025-03-21T10:45:32 IST" name="Test" finished-at="2025-03-21T10:45:53 IST" duration-ms="21015">
      <class name="testScript.LoginTest">
        <test-method is-config="true" signature="initializebrowser(java.lang.String)[pri:0, instance:testScript.LoginTest@7a6d7e92]" started-at="2025-03-21T10:45:32 IST" name="initializebrowser" finished-at="2025-03-21T10:45:41 IST" duration-ms="8670" status="PASS">
          <params>
            <param index="0">
              <value>
                <![CDATA[chrome]]>
              </value>
            </param>
          </params>
          <reporter-output>
          </reporter-output>
        </test-method> <!-- initializebrowser -->
        <test-method signature="verifyTheUserIsAbleToLoginUsingInvalidPassword()[pri:0, instance:testScript.LoginTest@7a6d7e92]" started-at="2025-03-21T10:45:41 IST" name="verifyTheUserIsAbleToLoginUsingInvalidPassword" finished-at="2025-03-21T10:45:43 IST" duration-ms="1826" status="PASS">
          <reporter-output>
          </reporter-output>
        </test-method> <!-- verifyTheUserIsAbleToLoginUsingInvalidPassword -->
        <test-method is-config="true" signature="browserQuit(org.testng.ITestResult)[pri:0, instance:testScript.LoginTest@7a6d7e92]" started-at="2025-03-21T10:45:43 IST" name="browserQuit" finished-at="2025-03-21T10:45:43 IST" duration-ms="3" status="PASS">
          <params>
            <param index="0">
              <value>
                <![CDATA[[TestResult name=verifyTheUserIsAbleToLoginUsingInvalidPassword status=SUCCESS method=LoginTest.verifyTheUserIsAbleToLoginUsingInvalidPassword()[pri:0, instance:testScript.LoginTest@7a6d7e92] output={null}]]]>
              </value>
            </param>
          </params>
          <reporter-output>
          </reporter-output>
        </test-method> <!-- browserQuit -->
        <test-method is-config="true" signature="initializebrowser(java.lang.String)[pri:0, instance:testScript.LoginTest@7a6d7e92]" started-at="2025-03-21T10:45:43 IST" name="initializebrowser" finished-at="2025-03-21T10:45:47 IST" duration-ms="3952" status="PASS">
          <params>
            <param index="0">
              <value>
                <![CDATA[chrome]]>
              </value>
            </param>
          </params>
          <reporter-output>
          </reporter-output>
        </test-method> <!-- initializebrowser -->
        <test-method signature="verifyTheUserIsAbleToLoginUsingInvalidUsername()[pri:0, instance:testScript.LoginTest@7a6d7e92]" started-at="2025-03-21T10:45:47 IST" name="verifyTheUserIsAbleToLoginUsingInvalidUsername" finished-at="2025-03-21T10:45:48 IST" duration-ms="918" status="PASS">
          <reporter-output>
          </reporter-output>
        </test-method> <!-- verifyTheUserIsAbleToLoginUsingInvalidUsername -->
        <test-method is-config="true" signature="browserQuit(org.testng.ITestResult)[pri:0, instance:testScript.LoginTest@7a6d7e92]" started-at="2025-03-21T10:45:48 IST" name="browserQuit" finished-at="2025-03-21T10:45:48 IST" duration-ms="1" status="PASS">
          <params>
            <param index="0">
              <value>
                <![CDATA[[TestResult name=verifyTheUserIsAbleToLoginUsingInvalidUsername status=SUCCESS method=LoginTest.verifyTheUserIsAbleToLoginUsingInvalidUsername()[pri:0, instance:testScript.LoginTest@7a6d7e92] output={null}]]]>
              </value>
            </param>
          </params>
          <reporter-output>
          </reporter-output>
        </test-method> <!-- browserQuit -->
        <test-method is-config="true" signature="initializebrowser(java.lang.String)[pri:0, instance:testScript.LoginTest@7a6d7e92]" started-at="2025-03-21T10:45:48 IST" name="initializebrowser" finished-at="2025-03-21T10:45:51 IST" duration-ms="3487" status="PASS">
          <params>
            <param index="0">
              <value>
                <![CDATA[chrome]]>
              </value>
            </param>
          </params>
          <reporter-output>
          </reporter-output>
        </test-method> <!-- initializebrowser -->
        <test-method signature="verifyTheUserIsAbleToLoginUsingInvalidUsernameAndInvalidPassword()[pri:0, instance:testScript.LoginTest@7a6d7e92]" started-at="2025-03-21T10:45:51 IST" name="verifyTheUserIsAbleToLoginUsingInvalidUsernameAndInvalidPassword" finished-at="2025-03-21T10:45:53 IST" duration-ms="1983" status="PASS">
          <reporter-output>
          </reporter-output>
        </test-method> <!-- verifyTheUserIsAbleToLoginUsingInvalidUsernameAndInvalidPassword -->
        <test-method is-config="true" signature="browserQuit(org.testng.ITestResult)[pri:0, instance:testScript.LoginTest@7a6d7e92]" started-at="2025-03-21T10:45:53 IST" name="browserQuit" finished-at="2025-03-21T10:45:53 IST" duration-ms="1" status="PASS">
          <params>
            <param index="0">
              <value>
                <![CDATA[[TestResult name=verifyTheUserIsAbleToLoginUsingInvalidUsernameAndInvalidPassword status=SUCCESS method=LoginTest.verifyTheUserIsAbleToLoginUsingInvalidUsernameAndInvalidPassword()[pri:0, instance:testScript.LoginTest@7a6d7e92] output={null}]]]>
              </value>
            </param>
          </params>
          <reporter-output>
          </reporter-output>
        </test-method> <!-- browserQuit -->
      </class> <!-- testScript.LoginTest -->
    </test> <!-- Test -->
  </suite> <!-- Suite -->
</testng-results>
